<?xml version="1.0" encoding="UTF-8"?>
<testExecutions version="1">
  <file path="/home/joao/sources/test/cleanarch-automated-tests-ts/core/__tests__/model/Conta.test.ts">
    <testCase name="Conta sacar com sucesso" duration="2"/>
    <testCase name="Conta sacar com valor zerado" duration="6"/>
    <testCase name="Conta sacar com valor negativo" duration="0"/>
    <testCase name="Conta sacar valor acima do saldo" duration="1"/>
    <testCase name="Conta sacar todo o saldo" duration="0"/>
    <testCase name="Conta depositar com sucesso" duration="0"/>
    <testCase name="Conta depositar com valor zerado" duration="1"/>
    <testCase name="Conta depositar com valor negativo" duration="0"/>
  </file>
  <file path="/home/joao/sources/test/cleanarch-automated-tests-ts/core/__tests__/application/TransferenciaServicoMock.test.ts">
    <testCase name="Transferencia serviço mock transferir com sucesso" duration="4"/>
    <testCase name="Transferencia serviço mock conta de origem não encontrada" duration="1"/>
    <testCase name="Transferencia serviço mock conta de destino não encontrada" duration="1"/>
  </file>
  <file path="/home/joao/sources/test/cleanarch-automated-tests-ts/core/__tests__/application/TransferenciaServico.test.ts">
    <testCase name="Transferência Serviço transferir com sucesso" duration="5"/>
    <testCase name="Transferência Serviço conta de origem não encontrada" duration="1"/>
    <testCase name="Transferência Serviço conta de destino não encontrada" duration="0"/>
  </file>
  <file path="/home/joao/sources/test/cleanarch-automated-tests-ts/core/__tests__/model/service/TransferenciaValor.test.ts">
    <testCase name="Transferência Valor transferencia de valor entre contas com sucesso" duration="4"/>
  </file>
  <file path="/home/joao/sources/test/cleanarch-automated-tests-ts/core/__tests__/model/NumeroConta.test.ts">
    <testCase name="Número Conta conta com seis dígitos" duration="4"/>
    <testCase name="Número Conta conta com cinco dígitos" duration="5"/>
    <testCase name="Número Conta conta com sete dígitos" duration="1"/>
    <testCase name="Número Conta conta com valor que não sejam digitos" duration="1"/>
  </file>
  <file path="/home/joao/sources/test/cleanarch-automated-tests-ts/core/__tests__/model/Recibo.test.ts">
    <testCase name="Recibo criar com sucesso" duration="2"/>
    <testCase name="Recibo criar recibos diferentes" duration="0"/>
  </file>
</testExecutions>